<?xml version="1.0" encoding="UTF-8"?>
<!-- Generated by org.testng.reporters.JUnitXMLReporter -->
<testsuite ignored="0" hostname="DBITLAP0394" failures="5" tests="5" name="Test Cucumber Signin CRM" time="211.584" errors="0" timestamp="2024-06-25T18:59:24 AEST">
  <testcase classname="io.cucumber.testng.AbstractTestNGCucumberTests" name="runScenario" time="53.412">
    <failure type="java.lang.AssertionError" message="expected [true] but found [false]">
      <![CDATA[java.lang.AssertionError: expected [true] but found [false]
at com.cannatrek.myeden.stepdefinitions.LoginSteps.theUserShouldBeRedirectedToTheDashboard(LoginSteps.java:57)
at ✽.the user should be redirected to the "Email Verification - myeden" page(file:///C:/Workspace/CannatrekAF/src/test/resources/scenario/ScriptSubmission.feature:17)
... Removed 4 stack frames]]>
    </failure>
  </testcase> <!-- runScenario -->
  <testcase classname="io.cucumber.testng.AbstractTestNGCucumberTests" name="runScenario" time="37.041">
    <failure type="java.lang.AssertionError" message="Element not exist. By.xpath: //input[@value=&amp;quot;Yes&amp;quot;]">
      <![CDATA[java.lang.AssertionError: Element not exist. By.xpath: //input[@value="Yes"]
at com.cannatrek.keywords.WebUI.waitForElementPresent(WebUI.java:3081)
at com.cannatrek.keywords.WebUI.waitForElementVisible(WebUI.java:2989)
at com.cannatrek.keywords.WebUI.clickElement(WebUI.java:2673)
at com.cannatrek.myeden.pages.LogInPage.enterEmailAndPassword(LogInPage.java:43)
at com.cannatrek.myeden.stepdefinitions.LoginSteps.theUserEntersAValidEmailAddressAndAValidPassword(LoginSteps.java:36)
at ✽.the user enters a valid email address and a valid password for "dw_AdminUser"(file:///C:/Workspace/CannatrekAF/src/test/resources/scenario/ScriptSubmission.feature:26)
... Removed 1 stack frames]]>
    </failure>
  </testcase> <!-- runScenario -->
  <testcase classname="io.cucumber.testng.AbstractTestNGCucumberTests" name="runScenario" time="30.106">
    <failure type="java.lang.AssertionError" message="Element not exist. By.xpath: //div[text()=&amp;quot;Authenticate your account&amp;quot;]/../div[@class=&amp;quot;login-form&amp;quot;]//div[text()=&amp;quot;To protect your account, we have just sent you an email containing a security code. Please enter the code below to verify your account&amp;quot;]/../../div/input[@placeholder=&amp;quot;XXXXXX&amp;quot;]">
      <![CDATA[java.lang.AssertionError: Element not exist. By.xpath: //div[text()="Authenticate your account"]/../div[@class="login-form"]//div[text()="To protect your account, we have just sent you an email containing a security code. Please enter the code below to verify your account"]/../../div/input[@placeholder="XXXXXX"]
at com.cannatrek.keywords.WebUI.waitForElementPresent(WebUI.java:3081)
at com.cannatrek.keywords.WebUI.waitForElementVisible(WebUI.java:2989)
at com.cannatrek.keywords.WebUI.clearAndFillText(WebUI.java:2653)
at com.cannatrek.myeden.stepdefinitions.SignupSteps.theUserEntersAValidSecurityCodeInTheInputField(SignupSteps.java:60)
at ✽.the user enters a valid security code in the input field(file:///C:/Workspace/CannatrekAF/src/test/resources/scenario/ScriptSubmission.feature:55)
... Removed 1 stack frames]]>
    </failure>
  </testcase> <!-- runScenario -->
  <testcase classname="io.cucumber.testng.AbstractTestNGCucumberTests" name="runScenario" time="29.158">
    <failure type="java.lang.AssertionError" message="Element not exist. By.xpath: //div[text()=&amp;apos;Ty8XO8bqYmk2QtmLHN&amp;apos;]">
      <![CDATA[java.lang.AssertionError: Element not exist. By.xpath: //div[text()='Ty8XO8bqYmk2QtmLHN']
at com.cannatrek.keywords.WebUI.waitForElementPresent(WebUI.java:3081)
at com.cannatrek.keywords.WebUI.waitForElementVisible(WebUI.java:2989)
at com.cannatrek.keywords.WebUI.clickElement(WebUI.java:2673)
at com.cannatrek.pharmacy.stepdefinitions.LogInSteps_pharmacy.the_user_clicks_on_the_submitted_script(LogInSteps_pharmacy.java:49)
at ✽.the user clicks on the submitted script(file:///C:/Workspace/CannatrekAF/src/test/resources/scenario/ScriptSubmission.feature:72)
... Removed 1 stack frames]]>
    </failure>
  </testcase> <!-- runScenario -->
  <testcase classname="io.cucumber.testng.AbstractTestNGCucumberTests" name="runScenario" time="36.224">
    <failure type="java.lang.AssertionError" message="Element not exist. By.xpath: //input[@value=&amp;quot;Yes&amp;quot;]">
      <![CDATA[java.lang.AssertionError: Element not exist. By.xpath: //input[@value="Yes"]
at com.cannatrek.keywords.WebUI.waitForElementPresent(WebUI.java:3081)
at com.cannatrek.keywords.WebUI.waitForElementVisible(WebUI.java:2989)
at com.cannatrek.keywords.WebUI.clickElement(WebUI.java:2673)
at com.cannatrek.myeden.pages.LogInPage.enterEmailAndPassword(LogInPage.java:43)
at com.cannatrek.myeden.stepdefinitions.LoginSteps.theUserEntersAValidEmailAddressAndAValidPassword(LoginSteps.java:36)
at ✽.the user enters a valid email address and a valid password for "dw_AdminUser"(file:///C:/Workspace/CannatrekAF/src/test/resources/scenario/ScriptSubmission.feature:79)
... Removed 1 stack frames]]>
    </failure>
  </testcase> <!-- runScenario -->
</testsuite> <!-- Test Cucumber Signin CRM -->
