<?xml version="1.0" encoding="UTF-8"?>
<testng-results ignored="0" total="1" passed="1" failed="0" skipped="0">
  <reporter-output>
  </reporter-output>
  <suite started-at="2025-12-02T13:52:45 IST" name="Surefire suite" finished-at="2025-12-02T13:52:55 IST" duration-ms="9498">
    <groups>
    </groups>
    <test started-at="2025-12-02T13:52:45 IST" name="Surefire test" finished-at="2025-12-02T13:52:55 IST" duration-ms="9498">
      <class name="tests.LoginTest">
        <test-method is-config="true" signature="setUp()[pri:0, instance:tests.LoginTest@39d9314d]" started-at="2025-12-02T13:52:45 IST" name="setUp" finished-at="2025-12-02T13:52:47 IST" duration-ms="1984" status="PASS">
          <reporter-output>
          </reporter-output>
        </test-method> <!-- setUp -->
        <test-method signature="validLoginTest()[pri:0, instance:tests.LoginTest@39d9314d]" started-at="2025-12-02T13:52:47 IST" name="validLoginTest" finished-at="2025-12-02T13:52:54 IST" duration-ms="7241" status="PASS">
          <reporter-output>
          </reporter-output>
        </test-method> <!-- validLoginTest -->
        <test-method is-config="true" signature="tearDown()[pri:0, instance:tests.LoginTest@39d9314d]" started-at="2025-12-02T13:52:54 IST" name="tearDown" finished-at="2025-12-02T13:52:55 IST" duration-ms="246" status="PASS">
          <reporter-output>
          </reporter-output>
        </test-method> <!-- tearDown -->
      </class> <!-- tests.LoginTest -->
    </test> <!-- Surefire test -->
  </suite> <!-- Surefire suite -->
</testng-results>
