<?xml version="1.0" encoding="UTF-8"?>
<!-- Generated by org.testng.reporters.JUnitReportReporter -->
<testsuite hostname="DBITLAP0386" failures="0" tests="7" name="com.cannatrek.runners.TestRunnerAllFeatureByTag" time="834.379" errors="0" timestamp="2024-09-20T11:36:37 IST" skipped="0">
  <testcase classname="com.cannatrek.runners.TestRunnerAllFeatureByTag" name="runScenario" time="107.673"/>
  <testcase classname="com.cannatrek.runners.TestRunnerAllFeatureByTag" name="runScenario" time="89.019"/>
  <testcase classname="com.cannatrek.runners.TestRunnerAllFeatureByTag" name="runScenario" time="101.793"/>
  <testcase classname="com.cannatrek.runners.TestRunnerAllFeatureByTag" name="runScenario" time="116.861"/>
  <testcase classname="com.cannatrek.runners.TestRunnerAllFeatureByTag" name="runScenario" time="148.063"/>
  <testcase classname="com.cannatrek.runners.TestRunnerAllFeatureByTag" name="runScenario" time="133.100"/>
  <testcase classname="com.cannatrek.runners.TestRunnerAllFeatureByTag" name="runScenario" time="137.870"/>
</testsuite> <!-- com.cannatrek.runners.TestRunnerAllFeatureByTag -->
