<?xml version="1.0" encoding="UTF-8"?>
<!-- Generated by org.testng.reporters.JUnitReportReporter -->
<testsuite hostname="DBITLAP0394" failures="5" tests="5" name="com.cannatrek.runners.TestRunnerAllFeatureByTag" time="185.941" errors="0" timestamp="2024-06-25T18:59:24 AEST" skipped="0">
  <testcase classname="com.cannatrek.runners.TestRunnerAllFeatureByTag" name="runScenario" time="37.041">
    <failure message="Element not exist. By.xpath: //input[@value=&quot;Yes&quot;]" type="java.lang.AssertionError">
      <![CDATA[java.lang.AssertionError: Element not exist. By.xpath: //input[@value="Yes"]
at org.testng.Assert.fail(Assert.java:111)
at com.cannatrek.keywords.WebUI.waitForElementPresent(WebUI.java:3081)
at com.cannatrek.keywords.WebUI.waitForElementVisible(WebUI.java:2989)
at com.cannatrek.keywords.WebUI.clickElement(WebUI.java:2673)
at com.cannatrek.myeden.pages.LogInPage.enterEmailAndPassword(LogInPage.java:43)
at com.cannatrek.myeden.stepdefinitions.LoginSteps.theUserEntersAValidEmailAddressAndAValidPassword(LoginSteps.java:36)
at ✽.the user enters a valid email address and a valid password for "dw_AdminUser"(file:///C:/Workspace/CannatrekAF/src/test/resources/scenario/ScriptSubmission.feature:26)
]]>
    </failure>
  </testcase> <!-- runScenario -->
  <testcase classname="com.cannatrek.runners.TestRunnerAllFeatureByTag" name="runScenario" time="36.224">
    <failure message="Element not exist. By.xpath: //input[@value=&quot;Yes&quot;]" type="java.lang.AssertionError">
      <![CDATA[java.lang.AssertionError: Element not exist. By.xpath: //input[@value="Yes"]
at org.testng.Assert.fail(Assert.java:111)
at com.cannatrek.keywords.WebUI.waitForElementPresent(WebUI.java:3081)
at com.cannatrek.keywords.WebUI.waitForElementVisible(WebUI.java:2989)
at com.cannatrek.keywords.WebUI.clickElement(WebUI.java:2673)
at com.cannatrek.myeden.pages.LogInPage.enterEmailAndPassword(LogInPage.java:43)
at com.cannatrek.myeden.stepdefinitions.LoginSteps.theUserEntersAValidEmailAddressAndAValidPassword(LoginSteps.java:36)
at ✽.the user enters a valid email address and a valid password for "dw_AdminUser"(file:///C:/Workspace/CannatrekAF/src/test/resources/scenario/ScriptSubmission.feature:79)
]]>
    </failure>
  </testcase> <!-- runScenario -->
  <testcase classname="com.cannatrek.runners.TestRunnerAllFeatureByTag" name="runScenario" time="53.412">
    <failure message="expected [true] but found [false]" type="java.lang.AssertionError">
      <![CDATA[java.lang.AssertionError: expected [true] but found [false]
at org.testng.Assert.fail(Assert.java:111)
at org.testng.Assert.failNotEquals(Assert.java:1578)
at org.testng.Assert.assertTrue(Assert.java:57)
at org.testng.Assert.assertTrue(Assert.java:67)
at com.cannatrek.myeden.stepdefinitions.LoginSteps.theUserShouldBeRedirectedToTheDashboard(LoginSteps.java:57)
at ✽.the user should be redirected to the "Email Verification - myeden" page(file:///C:/Workspace/CannatrekAF/src/test/resources/scenario/ScriptSubmission.feature:17)
]]>
    </failure>
  </testcase> <!-- runScenario -->
  <testcase classname="com.cannatrek.runners.TestRunnerAllFeatureByTag" name="runScenario" time="30.106">
    <failure message="Element not exist. By.xpath: //div[text()=&quot;Authenticate your account&quot;]/../div[@class=&quot;login-form&quot;]//div[text()=&quot;To protect your account, we have just sent you an email containing a security code. Please enter the code below to verify your account&quot;]/../../div/input[@placeholder=&quot;XXXXXX&quot;]" type="java.lang.AssertionError">
      <![CDATA[java.lang.AssertionError: Element not exist. By.xpath: //div[text()="Authenticate your account"]/../div[@class="login-form"]//div[text()="To protect your account, we have just sent you an email containing a security code. Please enter the code below to verify your account"]/../../div/input[@placeholder="XXXXXX"]
at org.testng.Assert.fail(Assert.java:111)
at com.cannatrek.keywords.WebUI.waitForElementPresent(WebUI.java:3081)
at com.cannatrek.keywords.WebUI.waitForElementVisible(WebUI.java:2989)
at com.cannatrek.keywords.WebUI.clearAndFillText(WebUI.java:2653)
at com.cannatrek.myeden.stepdefinitions.SignupSteps.theUserEntersAValidSecurityCodeInTheInputField(SignupSteps.java:60)
at ✽.the user enters a valid security code in the input field(file:///C:/Workspace/CannatrekAF/src/test/resources/scenario/ScriptSubmission.feature:55)
]]>
    </failure>
  </testcase> <!-- runScenario -->
  <testcase classname="com.cannatrek.runners.TestRunnerAllFeatureByTag" name="runScenario" time="29.158">
    <failure message="Element not exist. By.xpath: //div[text()=&#039;Ty8XO8bqYmk2QtmLHN&#039;]" type="java.lang.AssertionError">
      <![CDATA[java.lang.AssertionError: Element not exist. By.xpath: //div[text()='Ty8XO8bqYmk2QtmLHN']
at org.testng.Assert.fail(Assert.java:111)
at com.cannatrek.keywords.WebUI.waitForElementPresent(WebUI.java:3081)
at com.cannatrek.keywords.WebUI.waitForElementVisible(WebUI.java:2989)
at com.cannatrek.keywords.WebUI.clickElement(WebUI.java:2673)
at com.cannatrek.pharmacy.stepdefinitions.LogInSteps_pharmacy.the_user_clicks_on_the_submitted_script(LogInSteps_pharmacy.java:49)
at ✽.the user clicks on the submitted script(file:///C:/Workspace/CannatrekAF/src/test/resources/scenario/ScriptSubmission.feature:72)
]]>
    </failure>
  </testcase> <!-- runScenario -->
</testsuite> <!-- com.cannatrek.runners.TestRunnerAllFeatureByTag -->
